C:\Program Files (x86)\Microsoft Visual Studio\2019\Enterprise\MSBuild\Microsoft\VC\v160\Microsoft.CppBuild.targets(459,5): warning MSB8028: The intermediate directory (Debug\) contains files shared from another project (RaylibStarterCPP1.vcxproj).  This can lead to incorrect clean and rebuild behavior.
  Application.cpp
C:\Users\s200503\Desktop\Artificial Intellegence for Games Assessment\AI Game Projects\RaylibStarterCPP1\src\Application.cpp(98,67): warning C4244: 'argument': conversion from 'int' to 'float', possible loss of data
C:\Users\s200503\Desktop\Artificial Intellegence for Games Assessment\AI Game Projects\RaylibStarterCPP1\src\Application.cpp(171,96): warning C4244: 'argument': conversion from 'float' to 'int', possible loss of data
C:\Users\s200503\Desktop\Artificial Intellegence for Games Assessment\AI Game Projects\RaylibStarterCPP1\src\Application.cpp(171,85): warning C4244: 'argument': conversion from 'float' to 'int', possible loss of data
  Graph2D.cpp
  Graph2DEditor.cpp
C:\Users\s200503\Desktop\Artificial Intellegence for Games Assessment\AI Game Projects\RaylibStarterCPP1\src\Graph2DEditor.cpp(19,49): warning C4244: 'argument': conversion from 'int' to 'float', possible loss of data
C:\Users\s200503\Desktop\Artificial Intellegence for Games Assessment\AI Game Projects\RaylibStarterCPP1\src\Graph2DEditor.cpp(65,83): warning C4244: 'argument': conversion from 'float' to 'int', possible loss of data
C:\Users\s200503\Desktop\Artificial Intellegence for Games Assessment\AI Game Projects\RaylibStarterCPP1\src\Graph2DEditor.cpp(65,60): warning C4244: 'argument': conversion from 'float' to 'int', possible loss of data
C:\Users\s200503\Desktop\Artificial Intellegence for Games Assessment\AI Game Projects\RaylibStarterCPP1\src\Graph2DEditor.cpp(65,37): warning C4244: 'argument': conversion from 'float' to 'int', possible loss of data
C:\Users\s200503\Desktop\Artificial Intellegence for Games Assessment\AI Game Projects\RaylibStarterCPP1\src\Graph2DEditor.cpp(65,23): warning C4244: 'argument': conversion from 'float' to 'int', possible loss of data
C:\Users\s200503\Desktop\Artificial Intellegence for Games Assessment\AI Game Projects\RaylibStarterCPP1\src\Graph2DEditor.cpp(83,38): warning C4244: 'argument': conversion from 'float' to 'int', possible loss of data
C:\Users\s200503\Desktop\Artificial Intellegence for Games Assessment\AI Game Projects\RaylibStarterCPP1\src\Graph2DEditor.cpp(83,24): warning C4244: 'argument': conversion from 'float' to 'int', possible loss of data
C:\Users\s200503\Desktop\Artificial Intellegence for Games Assessment\AI Game Projects\RaylibStarterCPP1\src\Graph2DEditor.cpp(84,43): warning C4244: 'argument': conversion from 'float' to 'int', possible loss of data
C:\Users\s200503\Desktop\Artificial Intellegence for Games Assessment\AI Game Projects\RaylibStarterCPP1\src\Graph2DEditor.cpp(84,29): warning C4244: 'argument': conversion from 'float' to 'int', possible loss of data
C:\Users\s200503\Desktop\Artificial Intellegence for Games Assessment\AI Game Projects\RaylibStarterCPP1\src\Graph2DEditor.cpp(93,84): warning C4244: 'argument': conversion from 'float' to 'int', possible loss of data
C:\Users\s200503\Desktop\Artificial Intellegence for Games Assessment\AI Game Projects\RaylibStarterCPP1\src\Graph2DEditor.cpp(93,61): warning C4244: 'argument': conversion from 'float' to 'int', possible loss of data
C:\Users\s200503\Desktop\Artificial Intellegence for Games Assessment\AI Game Projects\RaylibStarterCPP1\src\Graph2DEditor.cpp(93,38): warning C4244: 'argument': conversion from 'float' to 'int', possible loss of data
C:\Users\s200503\Desktop\Artificial Intellegence for Games Assessment\AI Game Projects\RaylibStarterCPP1\src\Graph2DEditor.cpp(93,24): warning C4244: 'argument': conversion from 'float' to 'int', possible loss of data
C:\Users\s200503\Desktop\Artificial Intellegence for Games Assessment\AI Game Projects\RaylibStarterCPP1\src\Graph2DEditor.cpp(101,39): warning C4244: 'argument': conversion from 'float' to 'int', possible loss of data
C:\Users\s200503\Desktop\Artificial Intellegence for Games Assessment\AI Game Projects\RaylibStarterCPP1\src\Graph2DEditor.cpp(101,25): warning C4244: 'argument': conversion from 'float' to 'int', possible loss of data
C:\Users\s200503\Desktop\Artificial Intellegence for Games Assessment\AI Game Projects\RaylibStarterCPP1\src\Graph2DEditor.cpp(102,44): warning C4244: 'argument': conversion from 'float' to 'int', possible loss of data
C:\Users\s200503\Desktop\Artificial Intellegence for Games Assessment\AI Game Projects\RaylibStarterCPP1\src\Graph2DEditor.cpp(102,30): warning C4244: 'argument': conversion from 'float' to 'int', possible loss of data
  Generating Code...
  RaylibStarterCPP1.vcxproj -> C:\Users\s200503\Desktop\Artificial Intellegence for Games Assessment\AI Game Projects\bin\Win32\Debug\AIE_GAMEAI.exe
